# JRE version: Java(TM) SE Runtime Environment (8.0_161-b12) (build 1.8.0_161-b12)
# Java VM: Java HotSpot(TM) 64-Bit Server VM (25.161-b12 mixed mode windows-amd64 compressed oops)
Heap:
 PSYoungGen      total 1186304K, used 16033K [0x0000000760000000, 0x00000007b7580000, 0x00000007c0000000)
  eden space 1017344K, 1% used [0x0000000760000000,0x0000000760fa8510,0x000000079e180000)
  from space 168960K, 0% used [0x000000079e180000,0x000000079e180000,0x00000007a8680000)
  to   space 162304K, 0% used [0x00000007a8680000,0x00000007a8680000,0x00000007b2500000)
 ParOldGen       total 325120K, used 170944K [0x00000006a0000000, 0x00000006b3d80000, 0x0000000760000000)
  object space 325120K, 52% used [0x00000006a0000000,0x00000006aa6f00c0,0x00000006b3d80000)
 Metaspace       used 124676K, capacity 133750K, committed 136704K, reserved 1167360K
  class space    used 15924K, capacity 17534K, committed 18176K, reserved 1048576K
GC Heap History (10 events):
Event: 4653.759 GC heap before
{Heap before GC invocations=33 (full 5):
 PSYoungGen      total 1186304K, used 1035664K [0x0000000760000000, 0x00000007b7580000, 0x00000007c0000000)
  eden space 1017344K, 100% used [0x0000000760000000,0x000000079e180000,0x000000079e180000)
  from space 168960K, 10% used [0x000000079e180000,0x000000079f364210,0x00000007a8680000)
  to   space 162304K, 0% used [0x00000007a8680000,0x00000007a8680000,0x00000007b2500000)
 ParOldGen       total 325120K, used 214292K [0x00000006a0000000, 0x00000006b3d80000, 0x0000000760000000)
  object space 325120K, 65% used [0x00000006a0000000,0x00000006ad1453a0,0x00000006b3d80000)
 Metaspace       used 124543K, capacity 133530K, committed 136704K, reserved 1167360K
  class space    used 15923K, capacity 17534K, committed 18176K, reserved 1048576K
Event: 4653.783 GC heap after
Heap after GC invocations=33 (full 5):
 PSYoungGen      total 1179648K, used 37462K [0x0000000760000000, 0x00000007b7580000, 0x00000007c0000000)
  eden space 1017344K, 0% used [0x0000000760000000,0x0000000760000000,0x000000079e180000)
  from space 162304K, 23% used [0x00000007a8680000,0x00000007aab15b18,0x00000007b2500000)
  to   space 168960K, 0% used [0x000000079e180000,0x000000079e180000,0x00000007a8680000)
 ParOldGen       total 325120K, used 214292K [0x00000006a0000000, 0x00000006b3d80000, 0x0000000760000000)
  object space 325120K, 65% used [0x00000006a0000000,0x00000006ad1453a0,0x00000006b3d80000)
 Metaspace       used 124543K, capacity 133530K, committed 136704K, reserved 1167360K
  class space    used 15923K, capacity 17534K, committed 18176K, reserved 1048576K
}
Event: 4654.653 GC heap before
{Heap before GC invocations=34 (full 5):
 PSYoungGen      total 1179648K, used 1054806K [0x0000000760000000, 0x00000007b7580000, 0x00000007c0000000)
  eden space 1017344K, 100% used [0x0000000760000000,0x000000079e180000,0x000000079e180000)
  from space 162304K, 23% used [0x00000007a8680000,0x00000007aab15b18,0x00000007b2500000)
  to   space 168960K, 0% used [0x000000079e180000,0x000000079e180000,0x00000007a8680000)
 ParOldGen       total 325120K, used 214292K [0x00000006a0000000, 0x00000006b3d80000, 0x0000000760000000)
  object space 325120K, 65% used [0x00000006a0000000,0x00000006ad1453a0,0x00000006b3d80000)
 Metaspace       used 124560K, capacity 133530K, committed 136704K, reserved 1167360K
  class space    used 15923K, capacity 17534K, committed 18176K, reserved 1048576K
Event: 4654.683 GC heap after
Heap after GC invocations=34 (full 5):
 PSYoungGen      total 1186304K, used 56137K [0x0000000760000000, 0x00000007b7580000, 0x00000007c0000000)
  eden space 1017344K, 0% used [0x0000000760000000,0x0000000760000000,0x000000079e180000)
  from space 168960K, 33% used [0x000000079e180000,0x00000007a1852560,0x00000007a8680000)
  to   space 162304K, 0% used [0x00000007a8680000,0x00000007a8680000,0x00000007b2500000)
 ParOldGen       total 325120K, used 214292K [0x00000006a0000000, 0x00000006b3d80000, 0x0000000760000000)
  object space 325120K, 65% used [0x00000006a0000000,0x00000006ad1453a0,0x00000006b3d80000)
 Metaspace       used 124560K, capacity 133530K, committed 136704K, reserved 1167360K
  class space    used 15923K, capacity 17534K, committed 18176K, reserved 1048576K
}
Event: 4655.776 GC heap before
{Heap before GC invocations=35 (full 5):
 PSYoungGen      total 1186304K, used 1073481K [0x0000000760000000, 0x00000007b7580000, 0x00000007c0000000)
  eden space 1017344K, 100% used [0x0000000760000000,0x000000079e180000,0x000000079e180000)
  from space 168960K, 33% used [0x000000079e180000,0x00000007a1852560,0x00000007a8680000)
  to   space 162304K, 0% used [0x00000007a8680000,0x00000007a8680000,0x00000007b2500000)
 ParOldGen       total 325120K, used 214292K [0x00000006a0000000, 0x00000006b3d80000, 0x0000000760000000)
  object space 325120K, 65% used [0x00000006a0000000,0x00000006ad1453a0,0x00000006b3d80000)
 Metaspace       used 124569K, capacity 133598K, committed 136704K, reserved 1167360K
  class space    used 15923K, capacity 17534K, committed 18176K, reserved 1048576K
Event: 4655.839 GC heap after
Heap after GC invocations=35 (full 5):
 PSYoungGen      total 1179648K, used 43122K [0x0000000760000000, 0x00000007b7580000, 0x00000007c0000000)
  eden space 1017344K, 0% used [0x0000000760000000,0x0000000760000000,0x000000079e180000)
  from space 162304K, 26% used [0x00000007a8680000,0x00000007ab09ca30,0x00000007b2500000)
  to   space 168960K, 0% used [0x000000079e180000,0x000000079e180000,0x00000007a8680000)
 ParOldGen       total 325120K, used 246012K [0x00000006a0000000, 0x00000006b3d80000, 0x0000000760000000)
  object space 325120K, 75% used [0x00000006a0000000,0x00000006af03f350,0x00000006b3d80000)
 Metaspace       used 124569K, capacity 133598K, committed 136704K, reserved 1167360K
  class space    used 15923K, capacity 17534K, committed 18176K, reserved 1048576K
}
Event: 4658.416 GC heap before
{Heap before GC invocations=36 (full 5):
 PSYoungGen      total 1179648K, used 1060466K [0x0000000760000000, 0x00000007b7580000, 0x00000007c0000000)
  eden space 1017344K, 100% used [0x0000000760000000,0x000000079e180000,0x000000079e180000)
  from space 162304K, 26% used [0x00000007a8680000,0x00000007ab09ca30,0x00000007b2500000)
  to   space 168960K, 0% used [0x000000079e180000,0x000000079e180000,0x00000007a8680000)
 ParOldGen       total 325120K, used 246012K [0x00000006a0000000, 0x00000006b3d80000, 0x0000000760000000)
  object space 325120K, 75% used [0x00000006a0000000,0x00000006af03f350,0x00000006b3d80000)
 Metaspace       used 124676K, capacity 133750K, committed 136704K, reserved 1167360K
  class space    used 15924K, capacity 17534K, committed 18176K, reserved 1048576K
Event: 4658.455 GC heap after
Heap after GC invocations=36 (full 5):
 PSYoungGen      total 1186304K, used 23791K [0x0000000760000000, 0x00000007b7580000, 0x00000007c0000000)
  eden space 1017344K, 0% used [0x0000000760000000,0x0000000760000000,0x000000079e180000)
  from space 168960K, 14% used [0x000000079e180000,0x000000079f8bbc50,0x00000007a8680000)
  to   space 162304K, 0% used [0x00000007a8680000,0x00000007a8680000,0x00000007b2500000)
 ParOldGen       total 325120K, used 280892K [0x00000006a0000000, 0x00000006b3d80000, 0x0000000760000000)
  object space 325120K, 86% used [0x00000006a0000000,0x00000006b124f088,0x00000006b3d80000)
 Metaspace       used 124676K, capacity 133750K, committed 136704K, reserved 1167360K
  class space    used 15924K, capacity 17534K, committed 18176K, reserved 1048576K
}
Event: 4658.455 GC heap before
{Heap before GC invocations=37 (full 6):
 PSYoungGen      total 1186304K, used 23791K [0x0000000760000000, 0x00000007b7580000, 0x00000007c0000000)
  eden space 1017344K, 0% used [0x0000000760000000,0x0000000760000000,0x000000079e180000)
  from space 168960K, 14% used [0x000000079e180000,0x000000079f8bbc50,0x00000007a8680000)
  to   space 162304K, 0% used [0x00000007a8680000,0x00000007a8680000,0x00000007b2500000)
 ParOldGen       total 325120K, used 280892K [0x00000006a0000000, 0x00000006b3d80000, 0x0000000760000000)
  object space 325120K, 86% used [0x00000006a0000000,0x00000006b124f088,0x00000006b3d80000)
 Metaspace       used 124676K, capacity 133750K, committed 136704K, reserved 1167360K
  class space    used 15924K, capacity 17534K, committed 18176K, reserved 1048576K
Event: 4658.755 GC heap after
Heap after GC invocations=37 (full 6):
 PSYoungGen      total 1186304K, used 0K [0x0000000760000000, 0x00000007b7580000, 0x00000007c0000000)
  eden space 1017344K, 0% used [0x0000000760000000,0x0000000760000000,0x000000079e180000)
  from space 168960K, 0% used [0x000000079e180000,0x000000079e180000,0x00000007a8680000)
  to   space 162304K, 0% used [0x00000007a8680000,0x00000007a8680000,0x00000007b2500000)
 ParOldGen       total 325120K, used 170944K [0x00000006a0000000, 0x00000006b3d80000, 0x0000000760000000)
  object space 325120K, 52% used [0x00000006a0000000,0x00000006aa6f00c0,0x00000006b3d80000)
 Metaspace       used 124676K, capacity 133750K, committed 136704K, reserved 1167360K
  class space    used 15924K, capacity 17534K, committed 18176K, reserved 1048576K
}

